Using pre-set license
Built from '2020.3/staging' branch; Version is '2020.3.5f1 (8095aa901b9b) revision 8426922'; Using compiler version '192528614'; Build Type 'Release'
OS: 'Windows 10 Education; OS build 19044.1288; Version 2009; 64bit' Language: 'en' Physical Memory: 32684 MB
BatchMode: 1, IsHumanControllingUs: 0, StartBugReporterOnCrash: 0, Is64bit: 1, IsPro: 0

 COMMAND LINE ARGUMENTS:
C:\Program Files\Unity\Hub\Editor\2020.3.5f1\Editor\Unity.exe
-adb2
-batchMode
-noUpm
-name
AssetImportWorker0
-projectPath
C:/Users/s218014/source/repos/unity-graphics/Unity Graphics
-logFile
Logs/AssetImportWorker0.log
-srvPort
50905
Successfully changed project path to: C:/Users/s218014/source/repos/unity-graphics/Unity Graphics
C:/Users/s218014/source/repos/unity-graphics/Unity Graphics
Using Asset Import Pipeline V2.
Refreshing native plugins compatible for Editor in 59.25 ms, found 0 plugins.
Preloading 0 native plugins for Editor in 0.00 ms.
Initialize engine version: 2020.3.5f1 (8095aa901b9b)
[Subsystems] Discovering subsystems at path C:/Program Files/Unity/Hub/Editor/2020.3.5f1/Editor/Data/Resources/UnitySubsystems
[Subsystems] Discovering subsystems at path C:/Users/s218014/source/repos/unity-graphics/Unity Graphics/Assets
GfxDevice: creating device client; threaded=0
Direct3D:
    Version:  Direct3D 11.0 [level 11.0]
    Renderer: NVIDIA GeForce GTX 770 (ID=0x1184)
    Vendor:   
    VRAM:     2007 MB
    Driver:   30.0.14.7212
Shader 'Universal Render Pipeline/Particles/Lit': fallback shader 'Universal Render Pipeline/Particles/SimpleLit' not found
Initialize mono
Mono path[0] = 'C:/Program Files/Unity/Hub/Editor/2020.3.5f1/Editor/Data/Managed'
Mono path[1] = 'C:/Program Files/Unity/Hub/Editor/2020.3.5f1/Editor/Data/MonoBleedingEdge/lib/mono/unityjit'
Mono config path = 'C:/Program Files/Unity/Hub/Editor/2020.3.5f1/Editor/Data/MonoBleedingEdge/etc'
Using monoOptions --debugger-agent=transport=dt_socket,embedding=1,server=y,suspend=n,address=127.0.0.1:56460
Begin MonoManager ReloadAssembly
Registering precompiled unity dll's ...
Register platform support module: C:/Program Files/Unity/Hub/Editor/2020.3.5f1/Editor/Data/PlaybackEngines/WebGLSupport/UnityEditor.WebGL.Extensions.dll
Register platform support module: C:/Program Files/Unity/Hub/Editor/2020.3.5f1/Editor/Data/PlaybackEngines/WindowsStandaloneSupport/UnityEditor.WindowsStandalone.Extensions.dll
Registered in 0.003093 seconds.
Native extension for WindowsStandalone target not found
Native extension for WebGL target not found
Refreshing native plugins compatible for Editor in 58.54 ms, found 0 plugins.
Preloading 0 native plugins for Editor in 0.00 ms.
Mono: successfully reloaded assembly
- Completed reload, in  2.785 seconds
Platform modules already initialized, skipping
Registering precompiled user dll's ...
Registered in 0.001497 seconds.
Begin MonoManager ReloadAssembly
Native extension for WindowsStandalone target not found
Native extension for WebGL target not found
Refreshing native plugins compatible for Editor in 58.91 ms, found 0 plugins.
Preloading 0 native plugins for Editor in 0.00 ms.
Mono: successfully reloaded assembly
- Completed reload, in  1.270 seconds
Platform modules already initialized, skipping
========================================================================
Worker process is ready to serve import requests
Shader 'Universal Render Pipeline/Particles/Lit': fallback shader 'Universal Render Pipeline/Particles/SimpleLit' not found
Launched and connected shader compiler UnityShaderCompiler.exe after 0.04 seconds
Refreshing native plugins compatible for Editor in 0.58 ms, found 0 plugins.
Preloading 0 native plugins for Editor in 0.00 ms.
Unloading 2422 Unused Serialized files (Serialized files now loaded: 0)
System memory in use before: 115.2 MB.
System memory in use after: 115.4 MB.

Unloading 11 unused Assets to reduce memory usage. Loaded Objects now: 2865.
Total: 2.959400 ms (FindLiveObjects: 0.462000 ms CreateObjectMapping: 0.214900 ms MarkObjects: 2.172100 ms  DeleteObjects: 0.108800 ms)

========================================================================
Received Import Request.
  path: Assets/Scenes
  artifactKey: Guid(f9ad2609f158df045b4d0c379808cbde) Importer(815301076,1909f56bfc062723c751e8b465ee728b)
Start importing Assets/Scenes using Guid(f9ad2609f158df045b4d0c379808cbde) Importer(815301076,1909f56bfc062723c751e8b465ee728b)  -> (artifact id: '13eb9c552a41a3178c97830765d0eea3') in 0.012765 seconds
  Import took 0.019425 seconds .

========================================================================
Received Import Request.
  Time since last request: 0.000384 seconds.
  path: Assets/Materials
  artifactKey: Guid(90e3bef9741a55a40a2751252d8fa877) Importer(815301076,1909f56bfc062723c751e8b465ee728b)
Start importing Assets/Materials using Guid(90e3bef9741a55a40a2751252d8fa877) Importer(815301076,1909f56bfc062723c751e8b465ee728b)  -> (artifact id: '44d5307399acbd834b6c4a4dae0c82e5') in 0.007187 seconds
  Import took 0.011156 seconds .

========================================================================
Received Import Request.
  Time since last request: 215.884321 seconds.
  path: Assets/Shaders
  artifactKey: Guid(d1b1403171b67b54e89e96f7eea7be03) Importer(815301076,1909f56bfc062723c751e8b465ee728b)
Start importing Assets/Shaders using Guid(d1b1403171b67b54e89e96f7eea7be03) Importer(815301076,1909f56bfc062723c751e8b465ee728b)  -> (artifact id: '42f095213018d147e1a46c7b0237a25b') in 0.009746 seconds
  Import took 0.014347 seconds .

========================================================================
Received Import Request.
  Time since last request: 13.483194 seconds.
  path: Assets/Textures
  artifactKey: Guid(c50766c93233ebe4d991af72effda92e) Importer(815301076,1909f56bfc062723c751e8b465ee728b)
Start importing Assets/Textures using Guid(c50766c93233ebe4d991af72effda92e) Importer(815301076,1909f56bfc062723c751e8b465ee728b)  -> (artifact id: 'f43deb85bd42a76036f53f8e5a9ad9b4') in 0.008839 seconds
  Import took 0.013510 seconds .

========================================================================
Received Prepare
Registering precompiled user dll's ...
Registered in 0.001711 seconds.
Begin MonoManager ReloadAssembly
Native extension for WindowsStandalone target not found
Native extension for WebGL target not found
Refreshing native plugins compatible for Editor in 0.95 ms, found 0 plugins.
Preloading 0 native plugins for Editor in 0.00 ms.
Mono: successfully reloaded assembly
- Completed reload, in  1.456 seconds
Platform modules already initialized, skipping
Shader 'Universal Render Pipeline/Particles/Lit': fallback shader 'Universal Render Pipeline/Particles/SimpleLit' not found
Refreshing native plugins compatible for Editor in 0.59 ms, found 0 plugins.
Preloading 0 native plugins for Editor in 0.00 ms.
Unloading 2310 Unused Serialized files (Serialized files now loaded: 0)
System memory in use before: 108.0 MB.
System memory in use after: 108.2 MB.

Unloading 6 unused Assets to reduce memory usage. Loaded Objects now: 2868.
Total: 2.316900 ms (FindLiveObjects: 0.255600 ms CreateObjectMapping: 0.099500 ms MarkObjects: 1.895100 ms  DeleteObjects: 0.064800 ms)

========================================================================
Received Import Request.
  Time since last request: 98.554208 seconds.
  path: Assets/Scripts
  artifactKey: Guid(a7856e745bd18534ea2c3cb5eae3e8bb) Importer(815301076,1909f56bfc062723c751e8b465ee728b)
Start importing Assets/Scripts using Guid(a7856e745bd18534ea2c3cb5eae3e8bb) Importer(815301076,1909f56bfc062723c751e8b465ee728b)  -> (artifact id: 'ec484019b9efcfea87316f3432ec37d9') in 0.011373 seconds
  Import took 0.016623 seconds .

========================================================================
Received Import Request.
  Time since last request: 4.307352 seconds.
  path: Assets/Scenes/Unity Graphics.unity
  artifactKey: Guid(8870364339db622469f0018fd75a9579) Importer(815301076,1909f56bfc062723c751e8b465ee728b)
Start importing Assets/Scenes/Unity Graphics.unity using Guid(8870364339db622469f0018fd75a9579) Importer(815301076,1909f56bfc062723c751e8b465ee728b)  -> (artifact id: '1d8feed44385d8aa4d79a64ed7472da8') in 0.025107 seconds
  Import took 0.031996 seconds .

========================================================================
Received Prepare
Registering precompiled user dll's ...
Registered in 0.001748 seconds.
Begin MonoManager ReloadAssembly
Native extension for WindowsStandalone target not found
Native extension for WebGL target not found
Refreshing native plugins compatible for Editor in 0.73 ms, found 0 plugins.
Preloading 0 native plugins for Editor in 0.00 ms.
Mono: successfully reloaded assembly
- Completed reload, in  1.502 seconds
Platform modules already initialized, skipping
Shader 'Universal Render Pipeline/Particles/Lit': fallback shader 'Universal Render Pipeline/Particles/SimpleLit' not found
Refreshing native plugins compatible for Editor in 0.62 ms, found 0 plugins.
Preloading 0 native plugins for Editor in 0.00 ms.
Unloading 2310 Unused Serialized files (Serialized files now loaded: 0)
System memory in use before: 108.0 MB.
System memory in use after: 108.2 MB.

Unloading 6 unused Assets to reduce memory usage. Loaded Objects now: 2871.
Total: 2.565900 ms (FindLiveObjects: 0.430500 ms CreateObjectMapping: 0.128600 ms MarkObjects: 1.938600 ms  DeleteObjects: 0.065800 ms)

========================================================================
Received Import Request.
  Time since last request: 40.585537 seconds.
  path: Assets/Shaders/CartoonWaterShader.shadergraph
  artifactKey: Guid(05cc17cc404f7c848b172c991c3882a8) Importer(815301076,1909f56bfc062723c751e8b465ee728b)
Start importing Assets/Shaders/CartoonWaterShader.shadergraph using Guid(05cc17cc404f7c848b172c991c3882a8) Importer(815301076,1909f56bfc062723c751e8b465ee728b)  -> (artifact id: 'c5053e63327f355e270c8369066eb3e2') in 0.063717 seconds
  Import took 0.069444 seconds .

========================================================================
Received Import Request.
  Time since last request: 0.318639 seconds.
  path: Assets/Shaders/CartoonWaterShader.shadergraph
  artifactKey: Guid(05cc17cc404f7c848b172c991c3882a8) Importer(815301076,1909f56bfc062723c751e8b465ee728b)
Start importing Assets/Shaders/CartoonWaterShader.shadergraph using Guid(05cc17cc404f7c848b172c991c3882a8) Importer(815301076,1909f56bfc062723c751e8b465ee728b)  -> (artifact id: 'c5053e63327f355e270c8369066eb3e2') in 0.004486 seconds
  Import took 0.010369 seconds .

========================================================================
Received Prepare
Registering precompiled user dll's ...
Registered in 0.001720 seconds.
Begin MonoManager ReloadAssembly
Native extension for WindowsStandalone target not found
Native extension for WebGL target not found
Refreshing native plugins compatible for Editor in 0.75 ms, found 0 plugins.
Preloading 0 native plugins for Editor in 0.00 ms.
Mono: successfully reloaded assembly
- Completed reload, in  1.706 seconds
Platform modules already initialized, skipping
Shader 'Universal Render Pipeline/Particles/Lit': fallback shader 'Universal Render Pipeline/Particles/SimpleLit' not found
Refreshing native plugins compatible for Editor in 0.57 ms, found 0 plugins.
Preloading 0 native plugins for Editor in 0.00 ms.
Unloading 2310 Unused Serialized files (Serialized files now loaded: 0)
System memory in use before: 108.1 MB.
System memory in use after: 108.2 MB.

Unloading 6 unused Assets to reduce memory usage. Loaded Objects now: 2874.
Total: 5.580600 ms (FindLiveObjects: 0.521200 ms CreateObjectMapping: 0.139900 ms MarkObjects: 4.820500 ms  DeleteObjects: 0.084600 ms)

========================================================================
Received Import Request.
  Time since last request: 3586.698113 seconds.
  path: Assets/Shaders/CartoonWaterShader.shadergraph
  artifactKey: Guid(05cc17cc404f7c848b172c991c3882a8) Importer(815301076,1909f56bfc062723c751e8b465ee728b)
Start importing Assets/Shaders/CartoonWaterShader.shadergraph using Guid(05cc17cc404f7c848b172c991c3882a8) Importer(815301076,1909f56bfc062723c751e8b465ee728b)  -> (artifact id: '29187cd690c244e119f449f4ee36e7ff') in 0.029004 seconds
  Import took 0.034179 seconds .

========================================================================
Received Import Request.
  Time since last request: 106.686715 seconds.
  path: Assets/Shaders/CartoonWaterShader.shadergraph
  artifactKey: Guid(05cc17cc404f7c848b172c991c3882a8) Importer(815301076,1909f56bfc062723c751e8b465ee728b)
Start importing Assets/Shaders/CartoonWaterShader.shadergraph using Guid(05cc17cc404f7c848b172c991c3882a8) Importer(815301076,1909f56bfc062723c751e8b465ee728b)  -> (artifact id: 'e7bafc8dfbe8382c20336f016a7ddd9a') in 0.005504 seconds
  Import took 0.012378 seconds .

========================================================================
Received Prepare
Registering precompiled user dll's ...
Registered in 0.002575 seconds.
Begin MonoManager ReloadAssembly
Native extension for WindowsStandalone target not found
Native extension for WebGL target not found
Refreshing native plugins compatible for Editor in 0.62 ms, found 0 plugins.
Preloading 0 native plugins for Editor in 0.00 ms.
Mono: successfully reloaded assembly
- Completed reload, in  1.524 seconds
Platform modules already initialized, skipping
Shader 'Universal Render Pipeline/Particles/Lit': fallback shader 'Universal Render Pipeline/Particles/SimpleLit' not found
Refreshing native plugins compatible for Editor in 0.57 ms, found 0 plugins.
Preloading 0 native plugins for Editor in 0.00 ms.
Unloading 2310 Unused Serialized files (Serialized files now loaded: 0)
System memory in use before: 108.1 MB.
System memory in use after: 108.3 MB.

Unloading 6 unused Assets to reduce memory usage. Loaded Objects now: 2877.
Total: 3.714200 ms (FindLiveObjects: 0.402800 ms CreateObjectMapping: 0.130500 ms MarkObjects: 3.083500 ms  DeleteObjects: 0.095100 ms)

========================================================================
Received Prepare
Registering precompiled user dll's ...
Registered in 0.002139 seconds.
Begin MonoManager ReloadAssembly
Native extension for WindowsStandalone target not found
Native extension for WebGL target not found
Refreshing native plugins compatible for Editor in 0.70 ms, found 0 plugins.
Preloading 0 native plugins for Editor in 0.00 ms.
Mono: successfully reloaded assembly
- Completed reload, in  1.467 seconds
Platform modules already initialized, skipping
Shader 'Universal Render Pipeline/Particles/Lit': fallback shader 'Universal Render Pipeline/Particles/SimpleLit' not found
Refreshing native plugins compatible for Editor in 0.65 ms, found 0 plugins.
Preloading 0 native plugins for Editor in 0.00 ms.
Unloading 2310 Unused Serialized files (Serialized files now loaded: 0)
System memory in use before: 108.0 MB.
System memory in use after: 108.2 MB.

Unloading 6 unused Assets to reduce memory usage. Loaded Objects now: 2880.
Total: 5.423200 ms (FindLiveObjects: 0.877500 ms CreateObjectMapping: 0.261000 ms MarkObjects: 4.182100 ms  DeleteObjects: 0.097900 ms)

========================================================================
Received Import Request.
  Time since last request: 4059.556062 seconds.
  path: Assets/Shaders/CartoonWaterShader.shadergraph
  artifactKey: Guid(05cc17cc404f7c848b172c991c3882a8) Importer(815301076,1909f56bfc062723c751e8b465ee728b)
Start importing Assets/Shaders/CartoonWaterShader.shadergraph using Guid(05cc17cc404f7c848b172c991c3882a8) Importer(815301076,1909f56bfc062723c751e8b465ee728b)  -> (artifact id: 'da056d6a480306a8b4ac35ad7014456e') in 0.021563 seconds
  Import took 0.026610 seconds .

========================================================================
Received Prepare
Registering precompiled user dll's ...
Registered in 0.001922 seconds.
Begin MonoManager ReloadAssembly
Native extension for WindowsStandalone target not found
Native extension for WebGL target not found
Refreshing native plugins compatible for Editor in 0.72 ms, found 0 plugins.
Preloading 0 native plugins for Editor in 0.00 ms.
Mono: successfully reloaded assembly
- Completed reload, in  1.868 seconds
Platform modules already initialized, skipping
Shader 'Universal Render Pipeline/Particles/Lit': fallback shader 'Universal Render Pipeline/Particles/SimpleLit' not found
Refreshing native plugins compatible for Editor in 0.80 ms, found 0 plugins.
Preloading 0 native plugins for Editor in 0.00 ms.
Unloading 2310 Unused Serialized files (Serialized files now loaded: 0)
System memory in use before: 108.1 MB.
System memory in use after: 108.3 MB.

Unloading 6 unused Assets to reduce memory usage. Loaded Objects now: 2883.
Total: 4.896600 ms (FindLiveObjects: 0.680700 ms CreateObjectMapping: 0.370500 ms MarkObjects: 3.747800 ms  DeleteObjects: 0.094900 ms)

========================================================================
Received Import Request.
  Time since last request: 1693.177373 seconds.
  path: Assets/Shaders/CartoonWaterShader.shadergraph
  artifactKey: Guid(05cc17cc404f7c848b172c991c3882a8) Importer(815301076,1909f56bfc062723c751e8b465ee728b)
Start importing Assets/Shaders/CartoonWaterShader.shadergraph using Guid(05cc17cc404f7c848b172c991c3882a8) Importer(815301076,1909f56bfc062723c751e8b465ee728b)  -> (artifact id: 'c25a9147c35a789631f3ac53e7d7f4f1') in 0.029441 seconds
  Import took 0.035102 seconds .

========================================================================
Received Import Request.
  Time since last request: 47.016998 seconds.
  path: Assets/Shaders/CartoonWaterShader.shadergraph
  artifactKey: Guid(05cc17cc404f7c848b172c991c3882a8) Importer(815301076,1909f56bfc062723c751e8b465ee728b)
Start importing Assets/Shaders/CartoonWaterShader.shadergraph using Guid(05cc17cc404f7c848b172c991c3882a8) Importer(815301076,1909f56bfc062723c751e8b465ee728b)  -> (artifact id: '612cd2528426731e98c9728642fa4a04') in 0.004893 seconds
  Import took 0.010443 seconds .

========================================================================
Received Import Request.
  Time since last request: 42.977637 seconds.
  path: Assets/Materials/TomatoMan.png
  artifactKey: Guid(5fa76e3c620e501489fe980277720659) Importer(815301076,1909f56bfc062723c751e8b465ee728b)
Start importing Assets/Materials/TomatoMan.png using Guid(5fa76e3c620e501489fe980277720659) Importer(815301076,1909f56bfc062723c751e8b465ee728b)  -> (artifact id: '9846ca7b3df46f8b67b56234fadbb127') in 0.143745 seconds
  Import took 0.150476 seconds .

========================================================================
Received Prepare
Registering precompiled user dll's ...
Registered in 0.001899 seconds.
Begin MonoManager ReloadAssembly
Native extension for WindowsStandalone target not found
Native extension for WebGL target not found
Refreshing native plugins compatible for Editor in 0.61 ms, found 0 plugins.
Preloading 0 native plugins for Editor in 0.00 ms.
Mono: successfully reloaded assembly
- Completed reload, in  1.190 seconds
Platform modules already initialized, skipping
Shader 'Universal Render Pipeline/Particles/Lit': fallback shader 'Universal Render Pipeline/Particles/SimpleLit' not found
Refreshing native plugins compatible for Editor in 0.65 ms, found 0 plugins.
Preloading 0 native plugins for Editor in 0.00 ms.
Unloading 2310 Unused Serialized files (Serialized files now loaded: 0)
System memory in use before: 108.1 MB.
System memory in use after: 108.3 MB.

Unloading 6 unused Assets to reduce memory usage. Loaded Objects now: 2888.
Total: 3.086300 ms (FindLiveObjects: 0.335900 ms CreateObjectMapping: 0.116500 ms MarkObjects: 2.545500 ms  DeleteObjects: 0.085800 ms)

========================================================================
Received Prepare
Registering precompiled user dll's ...
Registered in 0.002999 seconds.
Begin MonoManager ReloadAssembly
Native extension for WindowsStandalone target not found
Native extension for WebGL target not found
Refreshing native plugins compatible for Editor in 0.60 ms, found 0 plugins.
Preloading 0 native plugins for Editor in 0.00 ms.
Mono: successfully reloaded assembly
- Completed reload, in  1.204 seconds
Platform modules already initialized, skipping
Shader 'Universal Render Pipeline/Particles/Lit': fallback shader 'Universal Render Pipeline/Particles/SimpleLit' not found
Refreshing native plugins compatible for Editor in 0.60 ms, found 0 plugins.
Preloading 0 native plugins for Editor in 0.00 ms.
Unloading 2310 Unused Serialized files (Serialized files now loaded: 0)
System memory in use before: 108.1 MB.
System memory in use after: 108.3 MB.

Unloading 6 unused Assets to reduce memory usage. Loaded Objects now: 2891.
Total: 2.708500 ms (FindLiveObjects: 0.485000 ms CreateObjectMapping: 0.136700 ms MarkObjects: 2.015400 ms  DeleteObjects: 0.069400 ms)

========================================================================
Received Prepare
Registering precompiled user dll's ...
Registered in 0.001807 seconds.
Begin MonoManager ReloadAssembly
Native extension for WindowsStandalone target not found
Native extension for WebGL target not found
Refreshing native plugins compatible for Editor in 0.60 ms, found 0 plugins.
Preloading 0 native plugins for Editor in 0.00 ms.
Mono: successfully reloaded assembly
- Completed reload, in  1.176 seconds
Platform modules already initialized, skipping
Shader 'Universal Render Pipeline/Particles/Lit': fallback shader 'Universal Render Pipeline/Particles/SimpleLit' not found
Refreshing native plugins compatible for Editor in 0.76 ms, found 0 plugins.
Preloading 0 native plugins for Editor in 0.00 ms.
Unloading 2310 Unused Serialized files (Serialized files now loaded: 0)
System memory in use before: 108.1 MB.
System memory in use after: 108.3 MB.

Unloading 6 unused Assets to reduce memory usage. Loaded Objects now: 2894.
Total: 4.567100 ms (FindLiveObjects: 0.585200 ms CreateObjectMapping: 0.281400 ms MarkObjects: 3.620800 ms  DeleteObjects: 0.076900 ms)

========================================================================
Received Prepare
Registering precompiled user dll's ...
Registered in 0.001924 seconds.
Begin MonoManager ReloadAssembly
Native extension for WindowsStandalone target not found
Native extension for WebGL target not found
Refreshing native plugins compatible for Editor in 0.59 ms, found 0 plugins.
Preloading 0 native plugins for Editor in 0.00 ms.
Mono: successfully reloaded assembly
- Completed reload, in  1.198 seconds
Platform modules already initialized, skipping
Shader 'Universal Render Pipeline/Particles/Lit': fallback shader 'Universal Render Pipeline/Particles/SimpleLit' not found
Refreshing native plugins compatible for Editor in 0.73 ms, found 0 plugins.
Preloading 0 native plugins for Editor in 0.00 ms.
Unloading 2310 Unused Serialized files (Serialized files now loaded: 0)
System memory in use before: 108.1 MB.
System memory in use after: 108.2 MB.

Unloading 6 unused Assets to reduce memory usage. Loaded Objects now: 2897.
Total: 3.312400 ms (FindLiveObjects: 0.479900 ms CreateObjectMapping: 0.132600 ms MarkObjects: 2.611700 ms  DeleteObjects: 0.086000 ms)

========================================================================
Received Prepare
Registering precompiled user dll's ...
Registered in 0.001735 seconds.
Begin MonoManager ReloadAssembly
Native extension for WindowsStandalone target not found
Native extension for WebGL target not found
Refreshing native plugins compatible for Editor in 0.79 ms, found 0 plugins.
Preloading 0 native plugins for Editor in 0.00 ms.
Mono: successfully reloaded assembly
- Completed reload, in  1.167 seconds
Platform modules already initialized, skipping
Shader 'Universal Render Pipeline/Particles/Lit': fallback shader 'Universal Render Pipeline/Particles/SimpleLit' not found
Refreshing native plugins compatible for Editor in 0.62 ms, found 0 plugins.
Preloading 0 native plugins for Editor in 0.00 ms.
Unloading 2310 Unused Serialized files (Serialized files now loaded: 0)
System memory in use before: 108.2 MB.
System memory in use after: 108.3 MB.

Unloading 6 unused Assets to reduce memory usage. Loaded Objects now: 2900.
Total: 3.994900 ms (FindLiveObjects: 0.532100 ms CreateObjectMapping: 0.134900 ms MarkObjects: 3.209300 ms  DeleteObjects: 0.115600 ms)

========================================================================
Received Prepare
Registering precompiled user dll's ...
Registered in 0.001753 seconds.
Begin MonoManager ReloadAssembly
Native extension for WindowsStandalone target not found
Native extension for WebGL target not found
Refreshing native plugins compatible for Editor in 0.60 ms, found 0 plugins.
Preloading 0 native plugins for Editor in 0.00 ms.
Mono: successfully reloaded assembly
- Completed reload, in  1.190 seconds
Platform modules already initialized, skipping
Shader 'Universal Render Pipeline/Particles/Lit': fallback shader 'Universal Render Pipeline/Particles/SimpleLit' not found
Refreshing native plugins compatible for Editor in 0.64 ms, found 0 plugins.
Preloading 0 native plugins for Editor in 0.00 ms.
Unloading 2310 Unused Serialized files (Serialized files now loaded: 0)
System memory in use before: 108.2 MB.
System memory in use after: 108.4 MB.

Unloading 6 unused Assets to reduce memory usage. Loaded Objects now: 2903.
Total: 2.823400 ms (FindLiveObjects: 0.441900 ms CreateObjectMapping: 0.126200 ms MarkObjects: 2.175800 ms  DeleteObjects: 0.077400 ms)

========================================================================
Received Prepare
Registering precompiled user dll's ...
Registered in 0.002868 seconds.
Begin MonoManager ReloadAssembly
Native extension for WindowsStandalone target not found
Native extension for WebGL target not found
Refreshing native plugins compatible for Editor in 0.60 ms, found 0 plugins.
Preloading 0 native plugins for Editor in 0.00 ms.
Mono: successfully reloaded assembly
- Completed reload, in  1.192 seconds
Platform modules already initialized, skipping
Shader 'Universal Render Pipeline/Particles/Lit': fallback shader 'Universal Render Pipeline/Particles/SimpleLit' not found
Refreshing native plugins compatible for Editor in 0.66 ms, found 0 plugins.
Preloading 0 native plugins for Editor in 0.00 ms.
Unloading 2310 Unused Serialized files (Serialized files now loaded: 0)
System memory in use before: 108.2 MB.
System memory in use after: 108.4 MB.

Unloading 6 unused Assets to reduce memory usage. Loaded Objects now: 2906.
Total: 2.443800 ms (FindLiveObjects: 0.261100 ms CreateObjectMapping: 0.104100 ms MarkObjects: 1.997900 ms  DeleteObjects: 0.078900 ms)

